<?xml version="1.0" encoding="UTF-8"?>
<!-- Generated by org.testng.reporters.JUnitReportReporter -->
<testsuite skipped="0" hostname="MeiDov-PC" name="Sin.TestNG_Sin_Deg" tests="2" failures="0" timestamp="2020-03-25T09:30:16 PDT" time="55.367" errors="0">
  <testcase name="Sin67" time="5.198" classname="Sin.TestNG_Sin_Deg"/>
  <testcase name="Sin30" time="50.169" classname="Sin.TestNG_Sin_Deg"/>
</testsuite> <!-- Sin.TestNG_Sin_Deg -->
