<?xml version="1.0" encoding="UTF-8"?>
<!-- Generated by org.testng.reporters.JUnitReportReporter -->
<testsuite skipped="0" hostname="MeiDov-PC" name="Sin.TestPOM" tests="3" failures="0" timestamp="2020-03-25T20:00:15 PDT" time="10.309" errors="0">
  <testcase name="Sin90" time="3.047" classname="Sin.TestPOM"/>
  <testcase name="Sin67" time="3.395" classname="Sin.TestPOM"/>
  <testcase name="Sin30" time="3.867" classname="Sin.TestPOM"/>
</testsuite> <!-- Sin.TestPOM -->
